<?xml version="1.0" encoding="UTF-8"?>
<!-- Generated by org.testng.reporters.JUnitReportReporter -->
<testsuite skipped="0" hostname="DESKTOP-K2LQBUM" name="Assignment4.Mobile" tests="4" failures="0" timestamp="05 May 2019 06:36:45 GMT" time="17.794" errors="0">
  <testcase name="clickOnMobile" time="5.935" classname="Assignment4.Mobile"/>
  <testcase name="clickOnCompare" time="3.981" classname="Assignment4.Mobile"/>
  <testcase name="clickOnButton" time="5.977" classname="Assignment4.Mobile"/>
  <testcase name="verifyWindows" time="1.901" classname="Assignment4.Mobile"/>
</testsuite> <!-- Assignment4.Mobile -->
